<?xml version="1.0" encoding="UTF-8"?>
<!-- Generated by org.testng.reporters.JUnitReportReporter -->
<testsuite hostname="LAPTOP-HNE737VC" failures="0" tests="1" name="TestCases.TC_Dashboard" time="3.867" errors="0" timestamp="2024-10-02T00:50:33 IST" skipped="0">
  <testcase classname="TestCases.TC_Dashboard" name="loginTest1" time="3.867"/>
  <system-out/>
</testsuite> <!-- TestCases.TC_Dashboard -->
