<?xml version="1.0" encoding="UTF-8"?>
<!-- Generated by org.testng.reporters.JUnitReportReporter -->
<testsuite hostname="LAPTOP-HNE737VC" failures="0" tests="1" name="TestCases.TC_Login" time="2.740" errors="0" timestamp="2024-09-29T23:47:36 IST" skipped="0">
  <testcase classname="TestCases.TC_Login" name="loginTest" time="2.740"/>
  <system-out/>
</testsuite> <!-- TestCases.TC_Login -->
